mode: atomic
github.com/stack-service/stack_service/internal/adapters/alpaca/client.go:67.59,68.25 1 11
github.com/stack-service/stack_service/internal/adapters/alpaca/client.go:68.25,70.3 1 2
github.com/stack-service/stack_service/internal/adapters/alpaca/client.go:73.2,73.30 1 11
github.com/stack-service/stack_service/internal/adapters/alpaca/client.go:73.30,75.3 1 9
github.com/stack-service/stack_service/internal/adapters/alpaca/client.go:76.2,76.32 1 11
github.com/stack-service/stack_service/internal/adapters/alpaca/client.go:76.32,78.3 1 9
github.com/stack-service/stack_service/internal/adapters/alpaca/client.go:80.2,80.26 1 11
github.com/stack-service/stack_service/internal/adapters/alpaca/client.go:80.26,81.41 1 2
github.com/stack-service/stack_service/internal/adapters/alpaca/client.go:81.41,83.4 1 1
github.com/stack-service/stack_service/internal/adapters/alpaca/client.go:83.9,85.4 1 1
github.com/stack-service/stack_service/internal/adapters/alpaca/client.go:87.2,89.30 2 11
github.com/stack-service/stack_service/internal/adapters/alpaca/client.go:89.30,91.3 1 10
github.com/stack-service/stack_service/internal/adapters/alpaca/client.go:92.2,111.45 5 11
github.com/stack-service/stack_service/internal/adapters/alpaca/client.go:111.45,113.3 1 191
github.com/stack-service/stack_service/internal/adapters/alpaca/client.go:116.2,116.12 1 11
github.com/stack-service/stack_service/internal/adapters/alpaca/client.go:116.12,117.27 1 11
github.com/stack-service/stack_service/internal/adapters/alpaca/client.go:117.27,118.11 1 35
github.com/stack-service/stack_service/internal/adapters/alpaca/client.go:119.37,119.37 0 7
github.com/stack-service/stack_service/internal/adapters/alpaca/client.go:120.12,120.12 0 28
github.com/stack-service/stack_service/internal/adapters/alpaca/client.go:126.2,131.51 1 11
github.com/stack-service/stack_service/internal/adapters/alpaca/client.go:131.51,133.4 1 3
github.com/stack-service/stack_service/internal/adapters/alpaca/client.go:134.78,139.4 1 0
github.com/stack-service/stack_service/internal/adapters/alpaca/client.go:142.2,151.3 2 11
github.com/stack-service/stack_service/internal/adapters/alpaca/client.go:157.136,162.65 3 0
github.com/stack-service/stack_service/internal/adapters/alpaca/client.go:162.65,164.3 1 0
github.com/stack-service/stack_service/internal/adapters/alpaca/client.go:166.2,166.16 1 0
github.com/stack-service/stack_service/internal/adapters/alpaca/client.go:166.16,171.3 2 0
github.com/stack-service/stack_service/internal/adapters/alpaca/client.go:173.2,178.23 2 0
github.com/stack-service/stack_service/internal/adapters/alpaca/client.go:182.109,186.65 3 0
github.com/stack-service/stack_service/internal/adapters/alpaca/client.go:186.65,188.3 1 0
github.com/stack-service/stack_service/internal/adapters/alpaca/client.go:190.2,190.16 1 0
github.com/stack-service/stack_service/internal/adapters/alpaca/client.go:190.16,195.3 2 0
github.com/stack-service/stack_service/internal/adapters/alpaca/client.go:197.2,197.23 1 0
github.com/stack-service/stack_service/internal/adapters/alpaca/client.go:201.119,203.20 2 0
github.com/stack-service/stack_service/internal/adapters/alpaca/client.go:203.20,205.27 2 0
github.com/stack-service/stack_service/internal/adapters/alpaca/client.go:205.27,207.4 1 0
github.com/stack-service/stack_service/internal/adapters/alpaca/client.go:208.3,208.61 1 0
github.com/stack-service/stack_service/internal/adapters/alpaca/client.go:211.2,212.65 2 0
github.com/stack-service/stack_service/internal/adapters/alpaca/client.go:212.65,214.3 1 0
github.com/stack-service/stack_service/internal/adapters/alpaca/client.go:216.2,216.16 1 0
github.com/stack-service/stack_service/internal/adapters/alpaca/client.go:216.16,219.3 2 0
github.com/stack-service/stack_service/internal/adapters/alpaca/client.go:221.2,221.22 1 0
github.com/stack-service/stack_service/internal/adapters/alpaca/client.go:227.148,237.65 4 0
github.com/stack-service/stack_service/internal/adapters/alpaca/client.go:237.65,239.3 1 0
github.com/stack-service/stack_service/internal/adapters/alpaca/client.go:241.2,241.16 1 0
github.com/stack-service/stack_service/internal/adapters/alpaca/client.go:241.16,247.3 2 0
github.com/stack-service/stack_service/internal/adapters/alpaca/client.go:249.2,253.23 2 0
github.com/stack-service/stack_service/internal/adapters/alpaca/client.go:257.114,261.65 3 0
github.com/stack-service/stack_service/internal/adapters/alpaca/client.go:261.65,263.3 1 0
github.com/stack-service/stack_service/internal/adapters/alpaca/client.go:265.2,265.16 1 0
github.com/stack-service/stack_service/internal/adapters/alpaca/client.go:265.16,271.3 2 0
github.com/stack-service/stack_service/internal/adapters/alpaca/client.go:273.2,273.23 1 0
github.com/stack-service/stack_service/internal/adapters/alpaca/client.go:277.133,279.20 2 0
github.com/stack-service/stack_service/internal/adapters/alpaca/client.go:279.20,281.27 2 0
github.com/stack-service/stack_service/internal/adapters/alpaca/client.go:281.27,283.4 1 0
github.com/stack-service/stack_service/internal/adapters/alpaca/client.go:284.3,284.61 1 0
github.com/stack-service/stack_service/internal/adapters/alpaca/client.go:287.2,288.65 2 0
github.com/stack-service/stack_service/internal/adapters/alpaca/client.go:288.65,290.3 1 0
github.com/stack-service/stack_service/internal/adapters/alpaca/client.go:292.2,292.16 1 0
github.com/stack-service/stack_service/internal/adapters/alpaca/client.go:292.16,297.3 2 0
github.com/stack-service/stack_service/internal/adapters/alpaca/client.go:299.2,299.22 1 0
github.com/stack-service/stack_service/internal/adapters/alpaca/client.go:303.84,310.65 3 0
github.com/stack-service/stack_service/internal/adapters/alpaca/client.go:310.65,312.3 1 0
github.com/stack-service/stack_service/internal/adapters/alpaca/client.go:314.2,314.16 1 0
github.com/stack-service/stack_service/internal/adapters/alpaca/client.go:314.16,320.3 2 0
github.com/stack-service/stack_service/internal/adapters/alpaca/client.go:322.2,325.12 2 0
github.com/stack-service/stack_service/internal/adapters/alpaca/client.go:331.106,335.65 3 8
github.com/stack-service/stack_service/internal/adapters/alpaca/client.go:335.65,337.3 1 8
github.com/stack-service/stack_service/internal/adapters/alpaca/client.go:339.2,339.16 1 8
github.com/stack-service/stack_service/internal/adapters/alpaca/client.go:339.16,344.3 2 3
github.com/stack-service/stack_service/internal/adapters/alpaca/client.go:346.2,346.23 1 5
github.com/stack-service/stack_service/internal/adapters/alpaca/client.go:350.115,352.20 2 1
github.com/stack-service/stack_service/internal/adapters/alpaca/client.go:352.20,354.27 2 1
github.com/stack-service/stack_service/internal/adapters/alpaca/client.go:354.27,356.4 1 2
github.com/stack-service/stack_service/internal/adapters/alpaca/client.go:357.3,357.61 1 1
github.com/stack-service/stack_service/internal/adapters/alpaca/client.go:360.2,361.65 2 1
github.com/stack-service/stack_service/internal/adapters/alpaca/client.go:361.65,363.3 1 1
github.com/stack-service/stack_service/internal/adapters/alpaca/client.go:365.2,365.16 1 1
github.com/stack-service/stack_service/internal/adapters/alpaca/client.go:365.16,368.3 2 0
github.com/stack-service/stack_service/internal/adapters/alpaca/client.go:370.2,370.22 1 1
github.com/stack-service/stack_service/internal/adapters/alpaca/client.go:376.119,380.65 3 0
github.com/stack-service/stack_service/internal/adapters/alpaca/client.go:380.65,382.3 1 0
github.com/stack-service/stack_service/internal/adapters/alpaca/client.go:384.2,384.16 1 0
github.com/stack-service/stack_service/internal/adapters/alpaca/client.go:384.16,390.3 2 0
github.com/stack-service/stack_service/internal/adapters/alpaca/client.go:392.2,392.23 1 0
github.com/stack-service/stack_service/internal/adapters/alpaca/client.go:396.114,400.65 3 0
github.com/stack-service/stack_service/internal/adapters/alpaca/client.go:400.65,402.3 1 0
github.com/stack-service/stack_service/internal/adapters/alpaca/client.go:404.2,404.16 1 0
github.com/stack-service/stack_service/internal/adapters/alpaca/client.go:404.16,409.3 2 0
github.com/stack-service/stack_service/internal/adapters/alpaca/client.go:411.2,411.22 1 0
github.com/stack-service/stack_service/internal/adapters/alpaca/client.go:417.118,421.26 3 0
github.com/stack-service/stack_service/internal/adapters/alpaca/client.go:421.26,423.3 1 0
github.com/stack-service/stack_service/internal/adapters/alpaca/client.go:424.2,424.22 1 0
github.com/stack-service/stack_service/internal/adapters/alpaca/client.go:424.22,426.3 1 0
github.com/stack-service/stack_service/internal/adapters/alpaca/client.go:427.2,427.20 1 0
github.com/stack-service/stack_service/internal/adapters/alpaca/client.go:427.20,429.3 1 0
github.com/stack-service/stack_service/internal/adapters/alpaca/client.go:430.2,430.19 1 0
github.com/stack-service/stack_service/internal/adapters/alpaca/client.go:430.19,432.3 1 0
github.com/stack-service/stack_service/internal/adapters/alpaca/client.go:433.2,433.20 1 0
github.com/stack-service/stack_service/internal/adapters/alpaca/client.go:433.20,435.3 1 0
github.com/stack-service/stack_service/internal/adapters/alpaca/client.go:436.2,436.24 1 0
github.com/stack-service/stack_service/internal/adapters/alpaca/client.go:436.24,438.3 1 0
github.com/stack-service/stack_service/internal/adapters/alpaca/client.go:439.2,439.28 1 0
github.com/stack-service/stack_service/internal/adapters/alpaca/client.go:439.28,441.3 1 0
github.com/stack-service/stack_service/internal/adapters/alpaca/client.go:442.2,442.25 1 0
github.com/stack-service/stack_service/internal/adapters/alpaca/client.go:442.25,444.3 1 0
github.com/stack-service/stack_service/internal/adapters/alpaca/client.go:446.2,446.21 1 0
github.com/stack-service/stack_service/internal/adapters/alpaca/client.go:446.21,448.3 1 0
github.com/stack-service/stack_service/internal/adapters/alpaca/client.go:450.2,455.65 3 0
github.com/stack-service/stack_service/internal/adapters/alpaca/client.go:455.65,457.3 1 0
github.com/stack-service/stack_service/internal/adapters/alpaca/client.go:459.2,459.16 1 0
github.com/stack-service/stack_service/internal/adapters/alpaca/client.go:459.16,462.3 2 0
github.com/stack-service/stack_service/internal/adapters/alpaca/client.go:464.2,467.23 2 0
github.com/stack-service/stack_service/internal/adapters/alpaca/client.go:473.134,476.53 2 9
github.com/stack-service/stack_service/internal/adapters/alpaca/client.go:476.53,477.18 1 15
github.com/stack-service/stack_service/internal/adapters/alpaca/client.go:477.18,483.11 3 6
github.com/stack-service/stack_service/internal/adapters/alpaca/client.go:484.31,484.31 0 6
github.com/stack-service/stack_service/internal/adapters/alpaca/client.go:485.22,486.21 1 0
github.com/stack-service/stack_service/internal/adapters/alpaca/client.go:491.3,491.10 1 15
github.com/stack-service/stack_service/internal/adapters/alpaca/client.go:492.26,492.26 0 15
github.com/stack-service/stack_service/internal/adapters/alpaca/client.go:494.21,495.20 1 0
github.com/stack-service/stack_service/internal/adapters/alpaca/client.go:496.39,497.61 1 0
github.com/stack-service/stack_service/internal/adapters/alpaca/client.go:500.3,501.17 2 15
github.com/stack-service/stack_service/internal/adapters/alpaca/client.go:501.17,503.4 1 6
github.com/stack-service/stack_service/internal/adapters/alpaca/client.go:505.3,508.29 2 9
github.com/stack-service/stack_service/internal/adapters/alpaca/client.go:508.29,512.4 2 2
github.com/stack-service/stack_service/internal/adapters/alpaca/client.go:514.3,516.32 1 7
github.com/stack-service/stack_service/internal/adapters/alpaca/client.go:519.2,519.56 1 1
github.com/stack-service/stack_service/internal/adapters/alpaca/client.go:523.125,525.16 2 15
github.com/stack-service/stack_service/internal/adapters/alpaca/client.go:525.16,527.3 1 0
github.com/stack-service/stack_service/internal/adapters/alpaca/client.go:529.2,532.17 3 15
github.com/stack-service/stack_service/internal/adapters/alpaca/client.go:532.17,534.17 2 0
github.com/stack-service/stack_service/internal/adapters/alpaca/client.go:534.17,536.4 1 0
github.com/stack-service/stack_service/internal/adapters/alpaca/client.go:537.3,537.38 1 0
github.com/stack-service/stack_service/internal/adapters/alpaca/client.go:540.2,541.16 2 15
github.com/stack-service/stack_service/internal/adapters/alpaca/client.go:541.16,543.3 1 0
github.com/stack-service/stack_service/internal/adapters/alpaca/client.go:546.2,558.16 7 15
github.com/stack-service/stack_service/internal/adapters/alpaca/client.go:558.16,560.3 1 5
github.com/stack-service/stack_service/internal/adapters/alpaca/client.go:561.2,564.16 3 10
github.com/stack-service/stack_service/internal/adapters/alpaca/client.go:564.16,566.3 1 0
github.com/stack-service/stack_service/internal/adapters/alpaca/client.go:568.2,573.28 2 10
github.com/stack-service/stack_service/internal/adapters/alpaca/client.go:573.28,575.83 2 4
github.com/stack-service/stack_service/internal/adapters/alpaca/client.go:575.83,579.53 2 4
github.com/stack-service/stack_service/internal/adapters/alpaca/client.go:579.53,580.71 1 1
github.com/stack-service/stack_service/internal/adapters/alpaca/client.go:580.71,581.62 1 1
github.com/stack-service/stack_service/internal/adapters/alpaca/client.go:581.62,585.7 1 1
github.com/stack-service/stack_service/internal/adapters/alpaca/client.go:589.4,589.18 1 4
github.com/stack-service/stack_service/internal/adapters/alpaca/client.go:591.3,591.89 1 0
github.com/stack-service/stack_service/internal/adapters/alpaca/client.go:595.2,595.42 1 6
github.com/stack-service/stack_service/internal/adapters/alpaca/client.go:595.42,596.60 1 6
github.com/stack-service/stack_service/internal/adapters/alpaca/client.go:596.60,598.4 1 0
github.com/stack-service/stack_service/internal/adapters/alpaca/client.go:601.2,601.12 1 6
github.com/stack-service/stack_service/internal/adapters/alpaca/client.go:605.50,610.35 2 56
github.com/stack-service/stack_service/internal/adapters/alpaca/client.go:610.35,612.3 1 0
github.com/stack-service/stack_service/internal/adapters/alpaca/client.go:615.2,618.31 3 56
github.com/stack-service/stack_service/internal/adapters/alpaca/client.go:622.31,624.2 1 56
github.com/stack-service/stack_service/internal/adapters/alpaca/client.go:627.32,628.26 1 11
github.com/stack-service/stack_service/internal/adapters/alpaca/client.go:628.26,630.3 1 11
github.com/stack-service/stack_service/internal/adapters/alpaca/client.go:631.2,632.12 2 11
github.com/stack-service/stack_service/internal/adapters/alpaca/client.go:636.39,637.16 1 19
github.com/stack-service/stack_service/internal/adapters/alpaca/client.go:637.16,639.3 1 1
github.com/stack-service/stack_service/internal/adapters/alpaca/client.go:642.2,642.59 1 18
github.com/stack-service/stack_service/internal/adapters/alpaca/client.go:642.59,644.22 1 11
github.com/stack-service/stack_service/internal/adapters/alpaca/client.go:645.35,646.15 1 2
github.com/stack-service/stack_service/internal/adapters/alpaca/client.go:647.120,648.15 1 6
github.com/stack-service/stack_service/internal/adapters/alpaca/client.go:649.34,650.15 1 0
github.com/stack-service/stack_service/internal/adapters/alpaca/client.go:651.11,652.16 1 3
github.com/stack-service/stack_service/internal/adapters/alpaca/client.go:657.2,667.43 2 7
github.com/stack-service/stack_service/internal/domain/services/funding/service.go:69.12,78.2 1 0
github.com/stack-service/stack_service/internal/domain/services/funding/service.go:81.143,84.53 2 0
github.com/stack-service/stack_service/internal/domain/services/funding/service.go:84.53,86.3 1 0
github.com/stack-service/stack_service/internal/domain/services/funding/service.go:88.2,89.19 2 0
github.com/stack-service/stack_service/internal/domain/services/funding/service.go:89.19,92.3 2 0
github.com/stack-service/stack_service/internal/domain/services/funding/service.go:92.8,95.17 2 0
github.com/stack-service/stack_service/internal/domain/services/funding/service.go:95.17,97.4 1 0
github.com/stack-service/stack_service/internal/domain/services/funding/service.go:100.3,111.58 2 0
github.com/stack-service/stack_service/internal/domain/services/funding/service.go:111.58,113.4 1 0
github.com/stack-service/stack_service/internal/domain/services/funding/service.go:115.3,115.101 1 0
github.com/stack-service/stack_service/internal/domain/services/funding/service.go:118.2,122.8 1 0
github.com/stack-service/stack_service/internal/domain/services/funding/service.go:126.142,128.16 2 0
github.com/stack-service/stack_service/internal/domain/services/funding/service.go:128.16,130.3 1 0
github.com/stack-service/stack_service/internal/domain/services/funding/service.go:132.2,133.35 2 0
github.com/stack-service/stack_service/internal/domain/services/funding/service.go:133.35,135.33 2 0
github.com/stack-service/stack_service/internal/domain/services/funding/service.go:135.33,137.4 1 0
github.com/stack-service/stack_service/internal/domain/services/funding/service.go:138.3,146.4 1 0
github.com/stack-service/stack_service/internal/domain/services/funding/service.go:149.2,149.27 1 0
github.com/stack-service/stack_service/internal/domain/services/funding/service.go:153.105,158.16 3 0
github.com/stack-service/stack_service/internal/domain/services/funding/service.go:158.16,162.3 2 0
github.com/stack-service/stack_service/internal/domain/services/funding/service.go:164.2,164.30 1 0
github.com/stack-service/stack_service/internal/domain/services/funding/service.go:164.30,171.3 2 0
github.com/stack-service/stack_service/internal/domain/services/funding/service.go:174.2,177.40 3 0
github.com/stack-service/stack_service/internal/domain/services/funding/service.go:177.40,178.80 1 0
github.com/stack-service/stack_service/internal/domain/services/funding/service.go:178.80,183.12 2 0
github.com/stack-service/stack_service/internal/domain/services/funding/service.go:187.3,188.17 2 0
github.com/stack-service/stack_service/internal/domain/services/funding/service.go:188.17,194.12 2 0
github.com/stack-service/stack_service/internal/domain/services/funding/service.go:198.3,199.28 2 0
github.com/stack-service/stack_service/internal/domain/services/funding/service.go:199.28,201.18 2 0
github.com/stack-service/stack_service/internal/domain/services/funding/service.go:201.18,206.13 2 0
github.com/stack-service/stack_service/internal/domain/services/funding/service.go:209.4,216.48 3 0
github.com/stack-service/stack_service/internal/domain/services/funding/service.go:220.2,229.16 4 0
github.com/stack-service/stack_service/internal/domain/services/funding/service.go:229.16,231.3 1 0
github.com/stack-service/stack_service/internal/domain/services/funding/service.go:234.2,238.8 1 0
github.com/stack-service/stack_service/internal/domain/services/funding/service.go:242.113,244.16 2 0
github.com/stack-service/stack_service/internal/domain/services/funding/service.go:244.16,245.41 1 0
github.com/stack-service/stack_service/internal/domain/services/funding/service.go:245.41,252.4 1 0
github.com/stack-service/stack_service/internal/domain/services/funding/service.go:253.3,253.59 1 0
github.com/stack-service/stack_service/internal/domain/services/funding/service.go:256.2,260.8 1 0
github.com/stack-service/stack_service/internal/domain/services/funding/service.go:264.105,269.16 3 0
github.com/stack-service/stack_service/internal/domain/services/funding/service.go:269.16,271.3 1 0
github.com/stack-service/stack_service/internal/domain/services/funding/service.go:272.2,274.16 3 0
github.com/stack-service/stack_service/internal/domain/services/funding/service.go:274.16,276.3 1 0
github.com/stack-service/stack_service/internal/domain/services/funding/service.go:278.2,278.14 1 0
github.com/stack-service/stack_service/internal/domain/services/funding/service.go:278.14,281.3 2 0
github.com/stack-service/stack_service/internal/domain/services/funding/service.go:284.2,285.54 2 0
github.com/stack-service/stack_service/internal/domain/services/funding/service.go:285.54,287.3 1 0
github.com/stack-service/stack_service/internal/domain/services/funding/service.go:289.2,289.28 1 0
github.com/stack-service/stack_service/internal/domain/services/funding/service.go:289.28,292.3 2 0
github.com/stack-service/stack_service/internal/domain/services/funding/service.go:295.2,296.16 2 0
github.com/stack-service/stack_service/internal/domain/services/funding/service.go:296.16,298.3 1 0
github.com/stack-service/stack_service/internal/domain/services/funding/service.go:301.2,302.16 2 0
github.com/stack-service/stack_service/internal/domain/services/funding/service.go:302.16,304.3 1 0
github.com/stack-service/stack_service/internal/domain/services/funding/service.go:307.2,319.59 2 0
github.com/stack-service/stack_service/internal/domain/services/funding/service.go:319.59,321.3 1 0
github.com/stack-service/stack_service/internal/domain/services/funding/service.go:324.2,324.87 1 0
github.com/stack-service/stack_service/internal/domain/services/funding/service.go:324.87,326.3 1 0
github.com/stack-service/stack_service/internal/domain/services/funding/service.go:328.2,335.12 2 0
github.com/stack-service/stack_service/pkg/webhook/security.go:18.63,22.2 1 0
github.com/stack-service/stack_service/pkg/webhook/security.go:25.88,26.21 1 0
github.com/stack-service/stack_service/pkg/webhook/security.go:26.21,28.3 1 0
github.com/stack-service/stack_service/pkg/webhook/security.go:31.2,38.63 4 0
github.com/stack-service/stack_service/pkg/webhook/security.go:38.63,40.3 1 0
github.com/stack-service/stack_service/pkg/webhook/security.go:42.2,42.12 1 0
github.com/stack-service/stack_service/pkg/webhook/security.go:46.72,50.2 3 0
github.com/stack-service/stack_service/pkg/webhook/security.go:53.71,55.2 1 0
github.com/stack-service/stack_service/pkg/webhook/security.go:59.61,60.20 1 0
github.com/stack-service/stack_service/pkg/webhook/security.go:60.20,62.3 1 0
github.com/stack-service/stack_service/pkg/webhook/security.go:64.2,65.29 2 0
github.com/stack-service/stack_service/pkg/webhook/security.go:65.29,67.3 1 0
github.com/stack-service/stack_service/pkg/webhook/security.go:69.2,69.36 1 0
github.com/stack-service/stack_service/pkg/webhook/security.go:69.36,71.3 1 0
github.com/stack-service/stack_service/pkg/webhook/security.go:73.2,73.12 1 0
github.com/stack-service/stack_service/pkg/webhook/security.go:77.34,79.2 1 0
github.com/stack-service/stack_service/pkg/webhook/security.go:92.51,100.2 1 0
github.com/stack-service/stack_service/pkg/webhook/security.go:109.74,111.52 2 0
github.com/stack-service/stack_service/pkg/webhook/security.go:111.52,113.3 1 0
github.com/stack-service/stack_service/pkg/webhook/security.go:115.2,118.3 1 0
github.com/stack-service/stack_service/pkg/webhook/security.go:122.119,124.82 1 0
github.com/stack-service/stack_service/pkg/webhook/security.go:124.82,126.3 1 0
github.com/stack-service/stack_service/pkg/webhook/security.go:129.2,129.31 1 0
github.com/stack-service/stack_service/pkg/webhook/security.go:129.31,130.28 1 0
github.com/stack-service/stack_service/pkg/webhook/security.go:130.28,132.4 1 0
github.com/stack-service/stack_service/pkg/webhook/security.go:133.3,133.78 1 0
github.com/stack-service/stack_service/pkg/webhook/security.go:133.78,135.4 1 0
github.com/stack-service/stack_service/pkg/webhook/security.go:139.2,139.31 1 0
github.com/stack-service/stack_service/pkg/webhook/security.go:139.31,140.80 1 0
github.com/stack-service/stack_service/pkg/webhook/security.go:140.80,142.4 1 0
github.com/stack-service/stack_service/pkg/webhook/security.go:146.2,146.41 1 0
github.com/stack-service/stack_service/pkg/webhook/security.go:146.41,148.56 2 0
github.com/stack-service/stack_service/pkg/webhook/security.go:148.56,149.46 1 0
github.com/stack-service/stack_service/pkg/webhook/security.go:149.46,151.10 2 0
github.com/stack-service/stack_service/pkg/webhook/security.go:154.3,154.15 1 0
github.com/stack-service/stack_service/pkg/webhook/security.go:154.15,156.4 1 0
github.com/stack-service/stack_service/pkg/webhook/security.go:159.2,159.12 1 0
github.com/stack-service/stack_service/pkg/retry/retry.go:19.34,26.2 1 0
github.com/stack-service/stack_service/pkg/retry/retry.go:40.9,43.60 2 0
github.com/stack-service/stack_service/pkg/retry/retry.go:43.60,46.17 2 0
github.com/stack-service/stack_service/pkg/retry/retry.go:46.17,48.4 1 0
github.com/stack-service/stack_service/pkg/retry/retry.go:50.3,53.24 2 0
github.com/stack-service/stack_service/pkg/retry/retry.go:53.24,55.4 1 0
github.com/stack-service/stack_service/pkg/retry/retry.go:58.3,58.38 1 0
github.com/stack-service/stack_service/pkg/retry/retry.go:58.38,59.9 1 0
github.com/stack-service/stack_service/pkg/retry/retry.go:63.3,64.30 2 0
github.com/stack-service/stack_service/pkg/retry/retry.go:64.30,66.4 1 0
github.com/stack-service/stack_service/pkg/retry/retry.go:69.3,69.10 1 0
github.com/stack-service/stack_service/pkg/retry/retry.go:70.21,71.66 1 0
github.com/stack-service/stack_service/pkg/retry/retry.go:72.28,72.28 0 0
github.com/stack-service/stack_service/pkg/retry/retry.go:77.2,77.88 1 0
github.com/stack-service/stack_service/pkg/retry/retry.go:81.39,82.16 1 0
github.com/stack-service/stack_service/pkg/retry/retry.go:82.16,84.3 1 0
github.com/stack-service/stack_service/pkg/retry/retry.go:88.2,104.44 3 0
github.com/stack-service/stack_service/pkg/retry/retry.go:104.44,105.34 1 0
github.com/stack-service/stack_service/pkg/retry/retry.go:105.34,107.4 1 0
github.com/stack-service/stack_service/pkg/retry/retry.go:110.2,110.14 1 0
github.com/stack-service/stack_service/pkg/retry/retry.go:114.38,121.2 1 0
github.com/stack-service/stack_service/pkg/retry/retry.go:124.36,125.43 1 0
github.com/stack-service/stack_service/pkg/retry/retry.go:125.43,126.35 1 0
github.com/stack-service/stack_service/pkg/retry/retry.go:126.35,128.4 1 0
github.com/stack-service/stack_service/pkg/retry/retry.go:130.2,130.11 1 0
github.com/stack-service/stack_service/internal/infrastructure/circle/client.go:63.59,64.25 1 0
github.com/stack-service/stack_service/internal/infrastructure/circle/client.go:64.25,66.3 1 0
github.com/stack-service/stack_service/internal/infrastructure/circle/client.go:68.2,68.26 1 0
github.com/stack-service/stack_service/internal/infrastructure/circle/client.go:68.26,69.38 1 0
github.com/stack-service/stack_service/internal/infrastructure/circle/client.go:69.38,71.4 1 0
github.com/stack-service/stack_service/internal/infrastructure/circle/client.go:71.9,75.4 1 0
github.com/stack-service/stack_service/internal/infrastructure/circle/client.go:77.2,79.37 2 0
github.com/stack-service/stack_service/internal/infrastructure/circle/client.go:79.37,81.3 1 0
github.com/stack-service/stack_service/internal/infrastructure/circle/client.go:82.2,82.34 1 0
github.com/stack-service/stack_service/internal/infrastructure/circle/client.go:82.34,84.3 1 0
github.com/stack-service/stack_service/internal/infrastructure/circle/client.go:85.2,85.36 1 0
github.com/stack-service/stack_service/internal/infrastructure/circle/client.go:85.36,87.3 1 0
github.com/stack-service/stack_service/internal/infrastructure/circle/client.go:88.2,88.35 1 0
github.com/stack-service/stack_service/internal/infrastructure/circle/client.go:88.35,90.3 1 0
github.com/stack-service/stack_service/internal/infrastructure/circle/client.go:91.2,91.35 1 0
github.com/stack-service/stack_service/internal/infrastructure/circle/client.go:91.35,93.3 1 0
github.com/stack-service/stack_service/internal/infrastructure/circle/client.go:95.2,112.51 2 0
github.com/stack-service/stack_service/internal/infrastructure/circle/client.go:112.51,114.4 1 0
github.com/stack-service/stack_service/internal/infrastructure/circle/client.go:115.78,120.4 1 0
github.com/stack-service/stack_service/internal/infrastructure/circle/client.go:123.2,128.60 3 0
github.com/stack-service/stack_service/internal/infrastructure/circle/client.go:128.60,130.3 1 0
github.com/stack-service/stack_service/internal/infrastructure/circle/client.go:130.8,132.3 1 0
github.com/stack-service/stack_service/internal/infrastructure/circle/client.go:134.2,140.3 1 0
github.com/stack-service/stack_service/internal/infrastructure/circle/client.go:144.121,150.16 4 0
github.com/stack-service/stack_service/internal/infrastructure/circle/client.go:150.16,152.3 1 0
github.com/stack-service/stack_service/internal/infrastructure/circle/client.go:155.2,167.64 5 0
github.com/stack-service/stack_service/internal/infrastructure/circle/client.go:167.64,169.3 1 0
github.com/stack-service/stack_service/internal/infrastructure/circle/client.go:171.2,171.16 1 0
github.com/stack-service/stack_service/internal/infrastructure/circle/client.go:171.16,176.3 2 0
github.com/stack-service/stack_service/internal/infrastructure/circle/client.go:178.2,184.23 3 0
github.com/stack-service/stack_service/internal/infrastructure/circle/client.go:188.115,192.65 3 0
github.com/stack-service/stack_service/internal/infrastructure/circle/client.go:192.65,194.3 1 0
github.com/stack-service/stack_service/internal/infrastructure/circle/client.go:196.2,196.16 1 0
github.com/stack-service/stack_service/internal/infrastructure/circle/client.go:196.16,201.3 2 0
github.com/stack-service/stack_service/internal/infrastructure/circle/client.go:203.2,203.23 1 0
github.com/stack-service/stack_service/internal/infrastructure/circle/client.go:207.138,208.49 1 0
github.com/stack-service/stack_service/internal/infrastructure/circle/client.go:208.49,210.3 1 0
github.com/stack-service/stack_service/internal/infrastructure/circle/client.go:213.2,214.16 2 0
github.com/stack-service/stack_service/internal/infrastructure/circle/client.go:214.16,216.3 1 0
github.com/stack-service/stack_service/internal/infrastructure/circle/client.go:219.2,228.64 4 0
github.com/stack-service/stack_service/internal/infrastructure/circle/client.go:228.64,230.3 1 0
github.com/stack-service/stack_service/internal/infrastructure/circle/client.go:232.2,232.16 1 0
github.com/stack-service/stack_service/internal/infrastructure/circle/client.go:232.16,240.3 2 0
github.com/stack-service/stack_service/internal/infrastructure/circle/client.go:242.2,247.23 2 0
github.com/stack-service/stack_service/internal/infrastructure/circle/client.go:251.112,255.65 3 0
github.com/stack-service/stack_service/internal/infrastructure/circle/client.go:255.65,257.3 1 0
github.com/stack-service/stack_service/internal/infrastructure/circle/client.go:259.2,259.16 1 0
github.com/stack-service/stack_service/internal/infrastructure/circle/client.go:259.16,264.3 2 0
github.com/stack-service/stack_service/internal/infrastructure/circle/client.go:266.2,266.23 1 0
github.com/stack-service/stack_service/internal/infrastructure/circle/client.go:270.54,279.2 6 0
github.com/stack-service/stack_service/internal/infrastructure/circle/client.go:282.77,285.23 2 0
github.com/stack-service/stack_service/internal/infrastructure/circle/client.go:285.23,287.32 2 0
github.com/stack-service/stack_service/internal/infrastructure/circle/client.go:287.32,289.4 1 0
github.com/stack-service/stack_service/internal/infrastructure/circle/client.go:290.8,294.29 3 0
github.com/stack-service/stack_service/internal/infrastructure/circle/client.go:294.29,296.4 1 0
github.com/stack-service/stack_service/internal/infrastructure/circle/client.go:299.2,299.29 1 0
github.com/stack-service/stack_service/internal/infrastructure/circle/client.go:303.128,307.53 3 0
github.com/stack-service/stack_service/internal/infrastructure/circle/client.go:307.53,308.18 1 0
github.com/stack-service/stack_service/internal/infrastructure/circle/client.go:308.18,311.62 2 0
github.com/stack-service/stack_service/internal/infrastructure/circle/client.go:311.62,312.38 1 0
github.com/stack-service/stack_service/internal/infrastructure/circle/client.go:312.38,315.6 2 0
github.com/stack-service/stack_service/internal/infrastructure/circle/client.go:318.4,327.11 3 0
github.com/stack-service/stack_service/internal/infrastructure/circle/client.go:328.22,329.21 1 0
github.com/stack-service/stack_service/internal/infrastructure/circle/client.go:330.31,330.31 0 0
github.com/stack-service/stack_service/internal/infrastructure/circle/client.go:334.3,335.17 2 0
github.com/stack-service/stack_service/internal/infrastructure/circle/client.go:335.17,337.4 1 0
github.com/stack-service/stack_service/internal/infrastructure/circle/client.go:339.3,342.26 2 0
github.com/stack-service/stack_service/internal/infrastructure/circle/client.go:342.26,348.9 2 0
github.com/stack-service/stack_service/internal/infrastructure/circle/client.go:351.3,357.37 1 0
github.com/stack-service/stack_service/internal/infrastructure/circle/client.go:360.2,360.82 1 0
github.com/stack-service/stack_service/internal/infrastructure/circle/client.go:364.137,368.24 3 0
github.com/stack-service/stack_service/internal/infrastructure/circle/client.go:368.24,370.17 2 0
github.com/stack-service/stack_service/internal/infrastructure/circle/client.go:370.17,372.4 1 0
github.com/stack-service/stack_service/internal/infrastructure/circle/client.go:373.3,373.38 1 0
github.com/stack-service/stack_service/internal/infrastructure/circle/client.go:376.2,377.16 2 0
github.com/stack-service/stack_service/internal/infrastructure/circle/client.go:377.16,379.3 1 0
github.com/stack-service/stack_service/internal/infrastructure/circle/client.go:382.2,395.16 8 0
github.com/stack-service/stack_service/internal/infrastructure/circle/client.go:395.16,397.3 1 0
github.com/stack-service/stack_service/internal/infrastructure/circle/client.go:398.2,402.16 3 0
github.com/stack-service/stack_service/internal/infrastructure/circle/client.go:402.16,404.3 1 0
github.com/stack-service/stack_service/internal/infrastructure/circle/client.go:406.2,414.28 2 0
github.com/stack-service/stack_service/internal/infrastructure/circle/client.go:414.28,416.3 1 0
github.com/stack-service/stack_service/internal/infrastructure/circle/client.go:419.2,419.42 1 0
github.com/stack-service/stack_service/internal/infrastructure/circle/client.go:419.42,420.60 1 0
github.com/stack-service/stack_service/internal/infrastructure/circle/client.go:420.60,422.4 1 0
github.com/stack-service/stack_service/internal/infrastructure/circle/client.go:425.2,425.12 1 0
github.com/stack-service/stack_service/internal/infrastructure/circle/client.go:429.91,436.57 3 0
github.com/stack-service/stack_service/internal/infrastructure/circle/client.go:436.57,440.3 2 0
github.com/stack-service/stack_service/internal/infrastructure/circle/client.go:443.2,443.23 1 0
github.com/stack-service/stack_service/internal/infrastructure/circle/client.go:443.23,446.3 2 0
github.com/stack-service/stack_service/internal/infrastructure/circle/client.go:449.2,452.31 2 0
github.com/stack-service/stack_service/internal/infrastructure/circle/client.go:452.31,453.65 1 0
github.com/stack-service/stack_service/internal/infrastructure/circle/client.go:453.65,456.4 2 0
github.com/stack-service/stack_service/internal/infrastructure/circle/client.go:459.2,459.17 1 0
github.com/stack-service/stack_service/internal/infrastructure/circle/client.go:463.46,465.64 1 0
github.com/stack-service/stack_service/internal/infrastructure/circle/client.go:465.64,467.3 1 0
github.com/stack-service/stack_service/internal/infrastructure/circle/client.go:470.2,470.56 1 0
github.com/stack-service/stack_service/internal/infrastructure/circle/client.go:470.56,472.3 1 0
github.com/stack-service/stack_service/internal/infrastructure/circle/client.go:475.2,475.61 1 0
github.com/stack-service/stack_service/internal/infrastructure/circle/client.go:475.61,477.52 1 0
github.com/stack-service/stack_service/internal/infrastructure/circle/client.go:477.52,479.4 1 0
github.com/stack-service/stack_service/internal/infrastructure/circle/client.go:481.3,481.31 1 0
github.com/stack-service/stack_service/internal/infrastructure/circle/client.go:485.2,485.13 1 0
github.com/stack-service/stack_service/internal/infrastructure/circle/client.go:489.57,494.16 3 0
github.com/stack-service/stack_service/internal/infrastructure/circle/client.go:494.16,496.3 1 0
github.com/stack-service/stack_service/internal/infrastructure/circle/client.go:498.2,502.16 4 0
github.com/stack-service/stack_service/internal/infrastructure/circle/client.go:502.16,504.3 1 0
github.com/stack-service/stack_service/internal/infrastructure/circle/client.go:505.2,507.28 2 0
github.com/stack-service/stack_service/internal/infrastructure/circle/client.go:507.28,509.3 1 0
github.com/stack-service/stack_service/internal/infrastructure/circle/client.go:511.2,512.12 2 0
github.com/stack-service/stack_service/internal/infrastructure/circle/client.go:516.124,520.2 1 0
github.com/stack-service/stack_service/internal/infrastructure/circle/client.go:523.108,532.44 2 0
github.com/stack-service/stack_service/internal/infrastructure/circle/client.go:532.44,537.3 2 0
github.com/stack-service/stack_service/internal/infrastructure/circle/client.go:539.2,539.18 1 0
github.com/stack-service/stack_service/internal/infrastructure/circle/client.go:539.18,542.3 2 0
github.com/stack-service/stack_service/internal/infrastructure/circle/client.go:545.2,545.48 1 0
github.com/stack-service/stack_service/internal/infrastructure/circle/client.go:545.48,548.3 2 0
github.com/stack-service/stack_service/internal/infrastructure/circle/client.go:550.2,554.18 2 0
github.com/stack-service/stack_service/internal/infrastructure/circle/client.go:558.128,567.15 3 0
github.com/stack-service/stack_service/internal/infrastructure/circle/client.go:568.31,570.41 1 0
github.com/stack-service/stack_service/internal/infrastructure/circle/client.go:571.10,572.66 1 0
github.com/stack-service/stack_service/internal/infrastructure/circle/client.go:575.2,583.23 3 0
github.com/stack-service/stack_service/internal/infrastructure/circle/client.go:587.74,591.65 3 0
github.com/stack-service/stack_service/internal/infrastructure/circle/client.go:591.65,593.3 1 0
github.com/stack-service/stack_service/internal/infrastructure/circle/client.go:595.2,595.16 1 0
github.com/stack-service/stack_service/internal/infrastructure/circle/client.go:595.16,598.3 2 0
github.com/stack-service/stack_service/internal/infrastructure/circle/client.go:601.2,601.57 1 0
github.com/stack-service/stack_service/internal/infrastructure/circle/client.go:601.57,604.3 2 0
github.com/stack-service/stack_service/internal/infrastructure/circle/client.go:606.2,606.59 1 0
github.com/stack-service/stack_service/internal/infrastructure/circle/client.go:611.146,615.52 2 0
github.com/stack-service/stack_service/internal/infrastructure/circle/client.go:615.52,622.3 2 0
github.com/stack-service/stack_service/internal/infrastructure/circle/client.go:622.8,627.3 1 0
github.com/stack-service/stack_service/internal/infrastructure/circle/client.go:629.2,630.65 2 0
github.com/stack-service/stack_service/internal/infrastructure/circle/client.go:630.65,632.3 1 0
github.com/stack-service/stack_service/internal/infrastructure/circle/client.go:634.2,634.16 1 0
github.com/stack-service/stack_service/internal/infrastructure/circle/client.go:634.16,639.3 2 0
github.com/stack-service/stack_service/internal/infrastructure/circle/client.go:641.2,647.23 3 0
github.com/stack-service/stack_service/internal/infrastructure/circle/client.go:651.121,654.16 2 0
github.com/stack-service/stack_service/internal/infrastructure/circle/client.go:654.16,656.3 1 0
github.com/stack-service/stack_service/internal/infrastructure/circle/client.go:659.2,667.64 4 0
github.com/stack-service/stack_service/internal/infrastructure/circle/client.go:667.64,669.3 1 0
github.com/stack-service/stack_service/internal/infrastructure/circle/client.go:671.2,671.16 1 0
github.com/stack-service/stack_service/internal/infrastructure/circle/client.go:671.16,677.3 2 0
github.com/stack-service/stack_service/internal/infrastructure/circle/client.go:679.2,683.22 2 0
github.com/stack-service/stack_service/internal/infrastructure/circle/client.go:687.54,697.2 2 0
github.com/stack-service/stack_service/internal/domain/entities/admin_entities.go:52.35,53.11 1 0
github.com/stack-service/stack_service/internal/domain/entities/admin_entities.go:54.43,55.14 1 0
github.com/stack-service/stack_service/internal/domain/entities/admin_entities.go:56.10,57.15 1 0
github.com/stack-service/stack_service/internal/domain/entities/alpaca_entities.go:338.46,340.2 1 0
github.com/stack-service/stack_service/internal/domain/entities/auth_entities.go:132.34,134.2 1 0
github.com/stack-service/stack_service/internal/domain/entities/auth_entities.go:137.61,146.2 2 0
github.com/stack-service/stack_service/internal/domain/entities/auth_entities.go:171.39,182.2 1 0
github.com/stack-service/stack_service/internal/domain/entities/auth_entities.go:185.45,203.2 1 0
github.com/stack-service/stack_service/internal/domain/entities/fund_protection_entities.go:67.44,69.2 1 0
github.com/stack-service/stack_service/internal/domain/entities/fund_protection_entities.go:72.49,74.2 1 0
github.com/stack-service/stack_service/internal/domain/entities/fund_protection_entities.go:232.59,233.24 1 0
github.com/stack-service/stack_service/internal/domain/entities/fund_protection_entities.go:233.24,235.3 1 0
github.com/stack-service/stack_service/internal/domain/entities/fund_protection_entities.go:238.2,238.9 1 0
github.com/stack-service/stack_service/internal/domain/entities/fund_protection_entities.go:239.30,240.23 1 0
github.com/stack-service/stack_service/internal/domain/entities/fund_protection_entities.go:241.31,242.27 1 0
github.com/stack-service/stack_service/internal/domain/entities/fund_protection_entities.go:243.10,244.23 1 0
github.com/stack-service/stack_service/internal/domain/entities/funding_job_entities.go:75.43,80.2 1 0
github.com/stack-service/stack_service/internal/domain/entities/funding_job_entities.go:83.50,86.2 1 0
github.com/stack-service/stack_service/internal/domain/entities/funding_job_entities.go:89.44,95.2 5 0
github.com/stack-service/stack_service/internal/domain/entities/funding_job_entities.go:98.43,104.2 5 0
github.com/stack-service/stack_service/internal/domain/entities/funding_job_entities.go:107.112,117.53 7 0
github.com/stack-service/stack_service/internal/domain/entities/funding_job_entities.go:117.53,120.3 2 0
github.com/stack-service/stack_service/internal/domain/entities/funding_job_entities.go:120.8,120.32 1 0
github.com/stack-service/stack_service/internal/domain/entities/funding_job_entities.go:120.32,129.3 5 0
github.com/stack-service/stack_service/internal/domain/entities/funding_job_entities.go:133.70,134.29 1 0
github.com/stack-service/stack_service/internal/domain/entities/funding_job_entities.go:134.29,136.3 1 0
github.com/stack-service/stack_service/internal/domain/entities/funding_job_entities.go:137.2,137.52 1 0
github.com/stack-service/stack_service/internal/domain/entities/funding_job_entities.go:141.57,148.18 4 0
github.com/stack-service/stack_service/internal/domain/entities/funding_job_entities.go:148.18,150.3 1 0
github.com/stack-service/stack_service/internal/domain/entities/funding_job_entities.go:152.2,154.22 2 0
github.com/stack-service/stack_service/internal/domain/entities/funding_job_entities.go:154.22,156.3 1 0
github.com/stack-service/stack_service/internal/domain/entities/funding_job_entities.go:159.2,162.15 3 0
github.com/stack-service/stack_service/internal/domain/entities/funding_job_entities.go:162.15,164.3 1 0
github.com/stack-service/stack_service/internal/domain/entities/funding_job_entities.go:166.2,166.14 1 0
github.com/stack-service/stack_service/internal/domain/entities/funding_job_entities.go:170.28,173.2 1 0
github.com/stack-service/stack_service/internal/domain/entities/funding_job_entities.go:176.44,177.20 1 0
github.com/stack-service/stack_service/internal/domain/entities/funding_job_entities.go:177.20,179.3 1 0
github.com/stack-service/stack_service/internal/domain/entities/funding_job_entities.go:181.2,181.19 1 0
github.com/stack-service/stack_service/internal/domain/entities/funding_job_entities.go:181.19,183.3 1 0
github.com/stack-service/stack_service/internal/domain/entities/funding_job_entities.go:185.2,185.19 1 0
github.com/stack-service/stack_service/internal/domain/entities/funding_job_entities.go:185.19,187.3 1 0
github.com/stack-service/stack_service/internal/domain/entities/funding_job_entities.go:189.2,189.48 1 0
github.com/stack-service/stack_service/internal/domain/entities/funding_job_entities.go:189.48,191.3 1 0
github.com/stack-service/stack_service/internal/domain/entities/funding_job_entities.go:193.2,193.23 1 0
github.com/stack-service/stack_service/internal/domain/entities/funding_job_entities.go:193.23,195.3 1 0
github.com/stack-service/stack_service/internal/domain/entities/funding_job_entities.go:197.2,197.24 1 0
github.com/stack-service/stack_service/internal/domain/entities/funding_job_entities.go:197.24,199.3 1 0
github.com/stack-service/stack_service/internal/domain/entities/funding_job_entities.go:201.2,201.12 1 0
github.com/stack-service/stack_service/internal/domain/entities/funding_job_entities.go:219.81,221.2 1 0
github.com/stack-service/stack_service/internal/domain/entities/funding_job_entities.go:239.49,240.25 1 0
github.com/stack-service/stack_service/internal/domain/entities/funding_job_entities.go:240.25,242.3 1 0
github.com/stack-service/stack_service/internal/domain/entities/onboarding_entities.go:24.42,25.11 1 0
github.com/stack-service/stack_service/internal/domain/entities/onboarding_entities.go:27.90,28.14 1 0
github.com/stack-service/stack_service/internal/domain/entities/onboarding_entities.go:29.10,30.15 1 0
github.com/stack-service/stack_service/internal/domain/entities/onboarding_entities.go:35.73,46.13 3 0
github.com/stack-service/stack_service/internal/domain/entities/onboarding_entities.go:46.13,48.3 1 0
github.com/stack-service/stack_service/internal/domain/entities/onboarding_entities.go:50.2,50.41 1 0
github.com/stack-service/stack_service/internal/domain/entities/onboarding_entities.go:50.41,51.24 1 0
github.com/stack-service/stack_service/internal/domain/entities/onboarding_entities.go:51.24,53.4 1 0
github.com/stack-service/stack_service/internal/domain/entities/onboarding_entities.go:55.2,55.14 1 0
github.com/stack-service/stack_service/internal/domain/entities/onboarding_entities.go:70.35,71.11 1 0
github.com/stack-service/stack_service/internal/domain/entities/onboarding_entities.go:72.101,73.14 1 0
github.com/stack-service/stack_service/internal/domain/entities/onboarding_entities.go:74.10,75.15 1 0
github.com/stack-service/stack_service/internal/domain/entities/onboarding_entities.go:127.40,128.19 1 0
github.com/stack-service/stack_service/internal/domain/entities/onboarding_entities.go:128.19,130.3 1 0
github.com/stack-service/stack_service/internal/domain/entities/onboarding_entities.go:132.2,132.37 1 0
github.com/stack-service/stack_service/internal/domain/entities/onboarding_entities.go:132.37,134.3 1 0
github.com/stack-service/stack_service/internal/domain/entities/onboarding_entities.go:137.2,137.46 1 0
github.com/stack-service/stack_service/internal/domain/entities/onboarding_entities.go:137.46,139.3 1 0
github.com/stack-service/stack_service/internal/domain/entities/onboarding_entities.go:141.2,141.44 1 0
github.com/stack-service/stack_service/internal/domain/entities/onboarding_entities.go:141.44,143.3 1 0
github.com/stack-service/stack_service/internal/domain/entities/onboarding_entities.go:146.2,146.26 1 0
github.com/stack-service/stack_service/internal/domain/entities/onboarding_entities.go:146.26,149.44 2 0
github.com/stack-service/stack_service/internal/domain/entities/onboarding_entities.go:149.44,151.4 1 0
github.com/stack-service/stack_service/internal/domain/entities/onboarding_entities.go:154.3,155.53 2 0
github.com/stack-service/stack_service/internal/domain/entities/onboarding_entities.go:155.53,157.4 1 0
github.com/stack-service/stack_service/internal/domain/entities/onboarding_entities.go:160.2,160.35 1 0
github.com/stack-service/stack_service/internal/domain/entities/onboarding_entities.go:160.35,162.3 1 0
github.com/stack-service/stack_service/internal/domain/entities/onboarding_entities.go:164.2,164.12 1 0
github.com/stack-service/stack_service/internal/domain/entities/onboarding_entities.go:168.42,169.22 1 0
github.com/stack-service/stack_service/internal/domain/entities/onboarding_entities.go:169.22,171.3 1 0
github.com/stack-service/stack_service/internal/domain/entities/onboarding_entities.go:173.2,173.28 1 0
github.com/stack-service/stack_service/internal/domain/entities/onboarding_entities.go:174.119,175.14 1 0
github.com/stack-service/stack_service/internal/domain/entities/onboarding_entities.go:176.34,178.33 1 0
github.com/stack-service/stack_service/internal/domain/entities/onboarding_entities.go:179.10,180.15 1 0
github.com/stack-service/stack_service/internal/domain/entities/onboarding_entities.go:185.47,186.22 1 0
github.com/stack-service/stack_service/internal/domain/entities/onboarding_entities.go:186.22,188.3 1 0
github.com/stack-service/stack_service/internal/domain/entities/onboarding_entities.go:191.2,191.28 1 0
github.com/stack-service/stack_service/internal/domain/entities/onboarding_entities.go:192.65,193.14 1 0
github.com/stack-service/stack_service/internal/domain/entities/onboarding_entities.go:194.117,195.14 1 0
github.com/stack-service/stack_service/internal/domain/entities/onboarding_entities.go:196.10,197.15 1 0
github.com/stack-service/stack_service/internal/domain/entities/onboarding_entities.go:202.44,203.45 1 0
github.com/stack-service/stack_service/internal/domain/entities/onboarding_entities.go:203.45,205.3 1 0
github.com/stack-service/stack_service/internal/domain/entities/onboarding_entities.go:206.2,206.24 1 0
github.com/stack-service/stack_service/internal/domain/entities/onboarding_entities.go:206.24,208.3 1 0
github.com/stack-service/stack_service/internal/domain/entities/onboarding_entities.go:209.2,209.23 1 0
github.com/stack-service/stack_service/internal/domain/entities/onboarding_entities.go:209.23,211.3 1 0
github.com/stack-service/stack_service/internal/domain/entities/onboarding_entities.go:212.2,212.11 1 0
github.com/stack-service/stack_service/internal/domain/entities/onboarding_entities.go:216.46,218.2 1 0
github.com/stack-service/stack_service/internal/domain/entities/onboarding_entities.go:221.37,222.26 1 0
github.com/stack-service/stack_service/internal/domain/entities/onboarding_entities.go:222.26,224.3 1 0
github.com/stack-service/stack_service/internal/domain/entities/onboarding_entities.go:225.2,227.45 3 0
github.com/stack-service/stack_service/internal/domain/entities/onboarding_entities.go:227.45,229.3 1 0
github.com/stack-service/stack_service/internal/domain/entities/onboarding_entities.go:230.2,230.13 1 0
github.com/stack-service/stack_service/internal/domain/entities/onboarding_entities.go:248.40,253.2 4 0
github.com/stack-service/stack_service/internal/domain/entities/onboarding_entities.go:256.61,260.17 4 0
github.com/stack-service/stack_service/internal/domain/entities/onboarding_entities.go:260.17,262.3 1 0
github.com/stack-service/stack_service/internal/domain/entities/onboarding_entities.go:263.2,263.19 1 0
github.com/stack-service/stack_service/internal/domain/entities/onboarding_entities.go:267.54,272.2 4 0
github.com/stack-service/stack_service/internal/domain/entities/onboarding_entities.go:292.42,294.2 1 0
github.com/stack-service/stack_service/internal/domain/entities/onboarding_entities.go:297.41,299.2 1 0
github.com/stack-service/stack_service/internal/domain/entities/onboarding_entities.go:302.83,308.62 5 0
github.com/stack-service/stack_service/internal/domain/entities/onboarding_entities.go:308.62,310.3 1 0
github.com/stack-service/stack_service/internal/domain/entities/onboarding_job_entities.go:48.39,54.2 5 0
github.com/stack-service/stack_service/internal/domain/entities/onboarding_job_entities.go:57.41,64.2 6 0
github.com/stack-service/stack_service/internal/domain/entities/onboarding_job_entities.go:67.79,72.54 4 0
github.com/stack-service/stack_service/internal/domain/entities/onboarding_job_entities.go:72.54,76.3 3 0
github.com/stack-service/stack_service/internal/domain/entities/onboarding_job_entities.go:76.8,79.3 2 0
github.com/stack-service/stack_service/internal/domain/entities/onboarding_job_entities.go:83.44,88.2 1 0
github.com/stack-service/stack_service/internal/domain/entities/onboarding_job_entities.go:91.56,93.2 1 0
github.com/stack-service/stack_service/internal/domain/entities/onboarding_job_entities.go:96.42,97.26 1 0
github.com/stack-service/stack_service/internal/domain/entities/onboarding_job_entities.go:97.26,99.3 1 0
github.com/stack-service/stack_service/internal/domain/entities/onboarding_job_entities.go:101.2,101.21 1 0
github.com/stack-service/stack_service/internal/domain/entities/onboarding_job_entities.go:101.21,103.3 1 0
github.com/stack-service/stack_service/internal/domain/entities/onboarding_job_entities.go:105.2,105.24 1 0
github.com/stack-service/stack_service/internal/domain/entities/onboarding_job_entities.go:105.24,107.3 1 0
github.com/stack-service/stack_service/internal/domain/entities/onboarding_job_entities.go:109.2,109.12 1 0
github.com/stack-service/stack_service/internal/domain/entities/transfer_entities.go:93.37,94.26 1 0
github.com/stack-service/stack_service/internal/domain/entities/transfer_entities.go:94.26,96.3 1 0
github.com/stack-service/stack_service/internal/domain/entities/transfer_entities.go:98.2,98.60 1 0
github.com/stack-service/stack_service/internal/domain/entities/transfer_entities.go:98.60,100.3 1 0
github.com/stack-service/stack_service/internal/domain/entities/transfer_entities.go:102.2,102.37 1 0
github.com/stack-service/stack_service/internal/domain/entities/transfer_entities.go:102.37,104.3 1 0
github.com/stack-service/stack_service/internal/domain/entities/transfer_entities.go:106.2,106.28 1 0
github.com/stack-service/stack_service/internal/domain/entities/transfer_entities.go:106.28,108.3 1 0
github.com/stack-service/stack_service/internal/domain/entities/transfer_entities.go:110.2,110.12 1 0
github.com/stack-service/stack_service/internal/domain/entities/transfer_entities.go:114.38,118.2 1 0
github.com/stack-service/stack_service/internal/domain/entities/transfer_entities.go:121.36,125.2 1 0
github.com/stack-service/stack_service/internal/domain/entities/transfer_entities.go:128.71,129.29 1 0
github.com/stack-service/stack_service/internal/domain/entities/transfer_entities.go:129.29,131.3 1 0
github.com/stack-service/stack_service/internal/domain/entities/transfer_entities.go:132.2,132.52 1 0
github.com/stack-service/stack_service/internal/domain/entities/transfer_entities.go:136.59,140.19 3 0
github.com/stack-service/stack_service/internal/domain/entities/transfer_entities.go:141.31,143.23 2 0
github.com/stack-service/stack_service/internal/domain/entities/transfer_entities.go:144.31,146.23 2 0
github.com/stack-service/stack_service/internal/domain/entities/transfer_entities.go:147.31,149.23 2 0
github.com/stack-service/stack_service/internal/domain/entities/wallet_entities.go:45.39,54.2 1 0
github.com/stack-service/stack_service/internal/domain/entities/wallet_entities.go:57.39,65.2 1 0
github.com/stack-service/stack_service/internal/domain/entities/wallet_entities.go:68.37,70.36 2 0
github.com/stack-service/stack_service/internal/domain/entities/wallet_entities.go:70.36,71.17 1 0
github.com/stack-service/stack_service/internal/domain/entities/wallet_entities.go:71.17,73.4 1 0
github.com/stack-service/stack_service/internal/domain/entities/wallet_entities.go:75.2,75.14 1 0
github.com/stack-service/stack_service/internal/domain/entities/wallet_entities.go:79.39,81.35 2 0
github.com/stack-service/stack_service/internal/domain/entities/wallet_entities.go:81.35,82.19 1 0
github.com/stack-service/stack_service/internal/domain/entities/wallet_entities.go:82.19,84.4 1 0
github.com/stack-service/stack_service/internal/domain/entities/wallet_entities.go:86.2,86.14 1 0
github.com/stack-service/stack_service/internal/domain/entities/wallet_entities.go:90.46,91.11 1 0
github.com/stack-service/stack_service/internal/domain/entities/wallet_entities.go:92.33,93.20 1 0
github.com/stack-service/stack_service/internal/domain/entities/wallet_entities.go:94.34,95.19 1 0
github.com/stack-service/stack_service/internal/domain/entities/wallet_entities.go:96.32,97.18 1 0
github.com/stack-service/stack_service/internal/domain/entities/wallet_entities.go:98.49,99.17 1 0
github.com/stack-service/stack_service/internal/domain/entities/wallet_entities.go:100.17,101.21 1 0
github.com/stack-service/stack_service/internal/domain/entities/wallet_entities.go:102.35,103.16 1 0
github.com/stack-service/stack_service/internal/domain/entities/wallet_entities.go:104.10,105.19 1 0
github.com/stack-service/stack_service/internal/domain/entities/wallet_entities.go:110.51,111.11 1 0
github.com/stack-service/stack_service/internal/domain/entities/wallet_entities.go:112.22,113.35 1 0
github.com/stack-service/stack_service/internal/domain/entities/wallet_entities.go:115.10,116.12 1 0
github.com/stack-service/stack_service/internal/domain/entities/wallet_entities.go:129.43,131.2 1 0
github.com/stack-service/stack_service/internal/domain/entities/wallet_entities.go:143.38,145.2 1 0
github.com/stack-service/stack_service/internal/domain/entities/wallet_entities.go:167.39,168.19 1 0
github.com/stack-service/stack_service/internal/domain/entities/wallet_entities.go:168.19,170.3 1 0
github.com/stack-service/stack_service/internal/domain/entities/wallet_entities.go:172.2,172.24 1 0
github.com/stack-service/stack_service/internal/domain/entities/wallet_entities.go:172.24,174.3 1 0
github.com/stack-service/stack_service/internal/domain/entities/wallet_entities.go:176.2,176.32 1 0
github.com/stack-service/stack_service/internal/domain/entities/wallet_entities.go:176.32,178.3 1 0
github.com/stack-service/stack_service/internal/domain/entities/wallet_entities.go:182.2,182.80 1 0
github.com/stack-service/stack_service/internal/domain/entities/wallet_entities.go:182.80,184.3 1 0
github.com/stack-service/stack_service/internal/domain/entities/wallet_entities.go:186.2,186.12 1 0
github.com/stack-service/stack_service/internal/domain/entities/wallet_entities.go:207.42,208.26 1 0
github.com/stack-service/stack_service/internal/domain/entities/wallet_entities.go:208.26,210.3 1 0
github.com/stack-service/stack_service/internal/domain/entities/wallet_entities.go:212.2,212.24 1 0
github.com/stack-service/stack_service/internal/domain/entities/wallet_entities.go:212.24,214.3 1 0
github.com/stack-service/stack_service/internal/domain/entities/wallet_entities.go:216.2,216.21 1 0
github.com/stack-service/stack_service/internal/domain/entities/wallet_entities.go:216.21,218.3 1 0
github.com/stack-service/stack_service/internal/domain/entities/wallet_entities.go:220.2,220.28 1 0
github.com/stack-service/stack_service/internal/domain/entities/wallet_entities.go:220.28,222.3 1 0
github.com/stack-service/stack_service/internal/domain/entities/wallet_entities.go:224.2,224.31 1 0
github.com/stack-service/stack_service/internal/domain/entities/wallet_entities.go:224.31,226.3 1 0
github.com/stack-service/stack_service/internal/domain/entities/wallet_entities.go:228.2,228.30 1 0
github.com/stack-service/stack_service/internal/domain/entities/wallet_entities.go:228.30,230.3 1 0
github.com/stack-service/stack_service/internal/domain/entities/wallet_entities.go:232.2,232.25 1 0
github.com/stack-service/stack_service/internal/domain/entities/wallet_entities.go:232.25,234.3 1 0
github.com/stack-service/stack_service/internal/domain/entities/wallet_entities.go:236.2,236.12 1 0
github.com/stack-service/stack_service/internal/domain/entities/wallet_entities.go:240.40,242.2 1 0
github.com/stack-service/stack_service/internal/domain/entities/wallet_entities.go:245.43,247.2 1 0
github.com/stack-service/stack_service/internal/domain/entities/wallet_entities.go:250.52,251.25 1 0
github.com/stack-service/stack_service/internal/domain/entities/wallet_entities.go:251.25,253.3 1 0
github.com/stack-service/stack_service/internal/domain/entities/wallet_entities.go:254.2,254.76 1 0
github.com/stack-service/stack_service/internal/domain/entities/wallet_entities.go:286.51,289.2 1 0
github.com/stack-service/stack_service/internal/domain/entities/wallet_entities.go:292.49,298.2 5 0
github.com/stack-service/stack_service/internal/domain/entities/wallet_entities.go:301.51,306.2 4 0
github.com/stack-service/stack_service/internal/domain/entities/wallet_entities.go:309.89,315.20 5 0
github.com/stack-service/stack_service/internal/domain/entities/wallet_entities.go:315.20,319.3 3 0
github.com/stack-service/stack_service/internal/domain/entities/wallet_entities.go:323.93,324.31 1 0
github.com/stack-service/stack_service/internal/domain/entities/wallet_entities.go:324.31,326.3 1 0
github.com/stack-service/stack_service/internal/domain/entities/wallet_entities.go:328.2,328.75 1 0
github.com/stack-service/stack_service/internal/domain/entities/wallet_entities.go:328.75,335.3 1 0
github.com/stack-service/stack_service/internal/domain/entities/wallet_entities.go:335.8,342.3 1 0
github.com/stack-service/stack_service/internal/domain/entities/wallet_entities.go:435.68,443.51 2 0
github.com/stack-service/stack_service/internal/domain/entities/wallet_entities.go:443.51,445.3 1 0
github.com/stack-service/stack_service/internal/domain/entities/wallet_entities.go:448.2,448.33 1 0
github.com/stack-service/stack_service/internal/domain/entities/wallet_entities.go:448.33,451.3 2 0
github.com/stack-service/stack_service/internal/domain/entities/wallet_entities.go:454.2,454.52 1 0
github.com/stack-service/stack_service/internal/domain/entities/wallet_entities.go:454.52,457.3 2 0
github.com/stack-service/stack_service/internal/domain/entities/wallet_entities.go:460.2,461.12 2 0
github.com/stack-service/stack_service/internal/domain/entities/wallet_entities.go:494.71,503.51 2 0
github.com/stack-service/stack_service/internal/domain/entities/wallet_entities.go:503.51,505.3 1 0
github.com/stack-service/stack_service/internal/domain/entities/wallet_entities.go:508.2,508.31 1 0
github.com/stack-service/stack_service/internal/domain/entities/wallet_entities.go:508.31,511.3 2 0
github.com/stack-service/stack_service/internal/domain/entities/wallet_entities.go:514.2,514.26 1 0
github.com/stack-service/stack_service/internal/domain/entities/wallet_entities.go:514.26,517.3 2 0
github.com/stack-service/stack_service/internal/domain/entities/wallet_entities.go:520.2,520.46 1 0
github.com/stack-service/stack_service/internal/domain/entities/wallet_entities.go:520.46,523.3 2 0
github.com/stack-service/stack_service/internal/domain/entities/wallet_entities.go:526.2,527.12 2 0
github.com/stack-service/stack_service/internal/domain/entities/wallet_entities.go:531.75,538.51 3 0
github.com/stack-service/stack_service/internal/domain/entities/wallet_entities.go:538.51,540.3 1 0
github.com/stack-service/stack_service/internal/domain/entities/wallet_entities.go:542.2,542.9 1 0
github.com/stack-service/stack_service/internal/domain/entities/wallet_entities.go:543.52,544.31 1 0
github.com/stack-service/stack_service/internal/domain/entities/wallet_entities.go:545.28,546.26 1 0
github.com/stack-service/stack_service/internal/domain/entities/wallet_entities.go:547.10,548.35 1 0
github.com/stack-service/stack_service/internal/domain/entities/wallet_entities.go:551.2,551.12 1 0
github.com/stack-service/stack_service/internal/domain/entities/wallet_entities.go:589.45,590.23 1 0
github.com/stack-service/stack_service/internal/domain/entities/wallet_entities.go:590.23,592.37 2 0
github.com/stack-service/stack_service/internal/domain/entities/wallet_entities.go:592.37,594.4 1 0
github.com/stack-service/stack_service/internal/domain/entities/wallet_entities.go:595.3,595.101 1 0
github.com/stack-service/stack_service/internal/domain/entities/wallet_entities.go:597.2,597.66 1 0
github.com/stack-service/stack_service/internal/domain/entities/wallet_entities.go:611.40,612.23 1 0
github.com/stack-service/stack_service/internal/domain/entities/wallet_entities.go:612.23,614.37 2 0
github.com/stack-service/stack_service/internal/domain/entities/wallet_entities.go:614.37,616.4 1 0
github.com/stack-service/stack_service/internal/domain/entities/wallet_entities.go:617.3,617.108 1 0
github.com/stack-service/stack_service/internal/domain/entities/wallet_entities.go:619.2,619.73 1 0
github.com/stack-service/stack_service/internal/domain/entities/wallet_entities.go:623.44,624.16 1 0
github.com/stack-service/stack_service/internal/domain/entities/wallet_entities.go:625.11,626.14 1 0
github.com/stack-service/stack_service/internal/domain/entities/wallet_entities.go:627.26,628.14 1 0
github.com/stack-service/stack_service/internal/domain/entities/wallet_entities.go:629.10,630.15 1 0
github.com/stack-service/stack_service/internal/domain/entities/wallet_entities.go:635.55,636.25 1 0
github.com/stack-service/stack_service/internal/domain/entities/wallet_entities.go:636.25,638.3 1 0
github.com/stack-service/stack_service/internal/domain/entities/wallet_entities.go:640.2,640.19 1 0
github.com/stack-service/stack_service/internal/domain/entities/wallet_entities.go:640.19,642.3 1 0
github.com/stack-service/stack_service/internal/domain/entities/wallet_entities.go:643.2,643.10 1 0
github.com/stack-service/stack_service/internal/domain/entities/wallet_entities.go:672.101,680.9 2 0
github.com/stack-service/stack_service/internal/domain/entities/wallet_entities.go:681.34,683.36 2 0
github.com/stack-service/stack_service/internal/domain/entities/wallet_entities.go:684.19,686.42 2 0
github.com/stack-service/stack_service/internal/domain/entities/wallet_entities.go:687.19,689.41 2 0
github.com/stack-service/stack_service/internal/domain/entities/wallet_entities.go:690.19,692.40 2 0
github.com/stack-service/stack_service/internal/domain/entities/wallet_entities.go:693.19,695.38 2 0
github.com/stack-service/stack_service/internal/domain/entities/wallet_entities.go:696.10,698.19 2 0
github.com/stack-service/stack_service/internal/domain/entities/wallet_entities.go:779.73,787.51 2 0
github.com/stack-service/stack_service/internal/domain/entities/wallet_entities.go:787.51,789.3 1 0
github.com/stack-service/stack_service/internal/domain/entities/wallet_entities.go:792.2,792.37 1 0
github.com/stack-service/stack_service/internal/domain/entities/wallet_entities.go:792.37,795.3 2 0
github.com/stack-service/stack_service/internal/domain/entities/wallet_entities.go:798.2,798.32 1 0
github.com/stack-service/stack_service/internal/domain/entities/wallet_entities.go:798.32,801.3 2 0
github.com/stack-service/stack_service/internal/domain/entities/wallet_entities.go:804.2,805.12 2 0
github.com/stack-service/stack_service/internal/domain/entities/wallet_entities.go:809.64,810.42 1 0
github.com/stack-service/stack_service/internal/domain/entities/wallet_entities.go:810.42,812.54 1 0
github.com/stack-service/stack_service/internal/domain/entities/wallet_entities.go:812.54,814.4 1 0
github.com/stack-service/stack_service/internal/domain/entities/wallet_entities.go:816.2,816.12 1 0
github.com/stack-service/stack_service/internal/domain/entities/wallet_entities.go:820.66,821.42 1 0
github.com/stack-service/stack_service/internal/domain/entities/wallet_entities.go:821.42,822.29 1 0
github.com/stack-service/stack_service/internal/domain/entities/wallet_entities.go:822.29,824.4 1 0
github.com/stack-service/stack_service/internal/domain/entities/wallet_entities.go:826.2,826.12 1 0
github.com/stack-service/stack_service/internal/domain/entities/withdrawal_entities.go:26.42,27.11 1 0
github.com/stack-service/stack_service/internal/domain/entities/withdrawal_entities.go:30.54,31.14 1 0
github.com/stack-service/stack_service/internal/domain/entities/withdrawal_entities.go:33.2,33.14 1 0
github.com/stack-service/stack_service/internal/domain/entities/withdrawal_entities.go:64.47,65.27 1 0
github.com/stack-service/stack_service/internal/domain/entities/withdrawal_entities.go:65.27,67.3 1 0
github.com/stack-service/stack_service/internal/domain/entities/withdrawal_entities.go:68.2,68.29 1 0
github.com/stack-service/stack_service/internal/domain/entities/withdrawal_entities.go:68.29,70.3 1 0
github.com/stack-service/stack_service/internal/domain/entities/withdrawal_entities.go:71.2,71.50 1 0
github.com/stack-service/stack_service/internal/domain/entities/withdrawal_entities.go:71.50,73.3 1 0
github.com/stack-service/stack_service/internal/domain/entities/withdrawal_entities.go:74.2,74.23 1 0
github.com/stack-service/stack_service/internal/domain/entities/withdrawal_entities.go:74.23,76.3 1 0
github.com/stack-service/stack_service/internal/domain/entities/withdrawal_entities.go:77.2,77.33 1 0
github.com/stack-service/stack_service/internal/domain/entities/withdrawal_entities.go:77.33,79.3 1 0
github.com/stack-service/stack_service/internal/domain/entities/withdrawal_entities.go:80.2,80.25 1 0
github.com/stack-service/stack_service/internal/domain/entities/withdrawal_entities.go:80.25,82.3 1 0
github.com/stack-service/stack_service/internal/domain/entities/withdrawal_entities.go:83.2,83.26 1 0
github.com/stack-service/stack_service/internal/domain/entities/withdrawal_entities.go:83.26,85.3 1 0
github.com/stack-service/stack_service/internal/domain/entities/withdrawal_entities.go:86.2,86.27 1 0
github.com/stack-service/stack_service/internal/domain/entities/withdrawal_entities.go:86.27,88.3 1 0
github.com/stack-service/stack_service/internal/domain/entities/withdrawal_entities.go:89.2,89.12 1 0
github.com/stack-service/stack_service/internal/domain/entities/withdrawal_entities.go:93.47,95.2 1 0
github.com/stack-service/stack_service/internal/domain/entities/withdrawal_entities.go:98.51,100.2 1 0
github.com/stack-service/stack_service/internal/domain/entities/withdrawal_entities.go:103.51,105.2 1 0
github.com/stack-service/stack_service/internal/domain/entities/withdrawal_entities.go:135.46,136.27 1 0
github.com/stack-service/stack_service/internal/domain/entities/withdrawal_entities.go:136.27,138.3 1 0
github.com/stack-service/stack_service/internal/domain/entities/withdrawal_entities.go:139.2,139.32 1 0
github.com/stack-service/stack_service/internal/domain/entities/withdrawal_entities.go:139.32,141.3 1 0
github.com/stack-service/stack_service/internal/domain/entities/withdrawal_entities.go:142.2,142.33 1 0
github.com/stack-service/stack_service/internal/domain/entities/withdrawal_entities.go:142.33,144.3 1 0
github.com/stack-service/stack_service/internal/domain/entities/withdrawal_entities.go:145.2,145.34 1 0
github.com/stack-service/stack_service/internal/domain/entities/withdrawal_entities.go:145.34,147.3 1 0
github.com/stack-service/stack_service/internal/domain/entities/withdrawal_entities.go:148.2,148.42 1 0
github.com/stack-service/stack_service/internal/domain/entities/withdrawal_entities.go:148.42,150.3 1 0
github.com/stack-service/stack_service/internal/domain/entities/withdrawal_entities.go:151.2,151.12 1 0
github.com/stack-service/stack_service/internal/domain/entities/zerog_entities.go:214.37,216.2 1 0
github.com/stack-service/stack_service/internal/domain/services/wallet/service.go:96.12,98.35 2 4
github.com/stack-service/stack_service/internal/domain/services/wallet/service.go:98.35,100.3 1 3
github.com/stack-service/stack_service/internal/domain/services/wallet/service.go:102.2,116.3 2 4
github.com/stack-service/stack_service/internal/domain/services/wallet/service.go:120.77,122.2 1 0
github.com/stack-service/stack_service/internal/domain/services/wallet/service.go:124.105,125.22 1 4
github.com/stack-service/stack_service/internal/domain/services/wallet/service.go:125.22,129.3 1 0
github.com/stack-service/stack_service/internal/domain/services/wallet/service.go:131.2,134.31 3 4
github.com/stack-service/stack_service/internal/domain/services/wallet/service.go:134.31,135.23 1 4
github.com/stack-service/stack_service/internal/domain/services/wallet/service.go:135.23,137.12 2 0
github.com/stack-service/stack_service/internal/domain/services/wallet/service.go:139.3,139.31 1 4
github.com/stack-service/stack_service/internal/domain/services/wallet/service.go:139.31,140.12 1 0
github.com/stack-service/stack_service/internal/domain/services/wallet/service.go:142.3,143.41 2 4
github.com/stack-service/stack_service/internal/domain/services/wallet/service.go:146.2,146.26 1 4
github.com/stack-service/stack_service/internal/domain/services/wallet/service.go:146.26,150.3 1 0
github.com/stack-service/stack_service/internal/domain/services/wallet/service.go:152.2,152.19 1 4
github.com/stack-service/stack_service/internal/domain/services/wallet/service.go:157.116,162.22 2 0
github.com/stack-service/stack_service/internal/domain/services/wallet/service.go:162.22,164.3 1 0
github.com/stack-service/stack_service/internal/domain/services/wallet/service.go:167.2,168.38 2 0
github.com/stack-service/stack_service/internal/domain/services/wallet/service.go:168.38,176.64 2 0
github.com/stack-service/stack_service/internal/domain/services/wallet/service.go:176.64,178.4 1 0
github.com/stack-service/stack_service/internal/domain/services/wallet/service.go:182.2,183.31 2 0
github.com/stack-service/stack_service/internal/domain/services/wallet/service.go:183.31,185.3 1 0
github.com/stack-service/stack_service/internal/domain/services/wallet/service.go:188.2,199.63 2 0
github.com/stack-service/stack_service/internal/domain/services/wallet/service.go:199.63,201.3 1 0
github.com/stack-service/stack_service/internal/domain/services/wallet/service.go:204.2,204.68 1 0
github.com/stack-service/stack_service/internal/domain/services/wallet/service.go:204.68,209.3 2 0
github.com/stack-service/stack_service/internal/domain/services/wallet/service.go:211.2,211.12 1 0
github.com/stack-service/stack_service/internal/domain/services/wallet/service.go:215.92,220.16 3 0
github.com/stack-service/stack_service/internal/domain/services/wallet/service.go:220.16,222.3 1 0
github.com/stack-service/stack_service/internal/domain/services/wallet/service.go:224.2,224.103 1 0
github.com/stack-service/stack_service/internal/domain/services/wallet/service.go:224.103,229.3 2 0
github.com/stack-service/stack_service/internal/domain/services/wallet/service.go:232.2,233.63 2 0
github.com/stack-service/stack_service/internal/domain/services/wallet/service.go:233.63,235.3 1 0
github.com/stack-service/stack_service/internal/domain/services/wallet/service.go:238.2,239.16 2 0
github.com/stack-service/stack_service/internal/domain/services/wallet/service.go:239.16,243.3 3 0
github.com/stack-service/stack_service/internal/domain/services/wallet/service.go:246.2,249.38 3 0
github.com/stack-service/stack_service/internal/domain/services/wallet/service.go:249.38,252.88 2 0
github.com/stack-service/stack_service/internal/domain/services/wallet/service.go:252.88,258.4 2 0
github.com/stack-service/stack_service/internal/domain/services/wallet/service.go:258.9,260.4 1 0
github.com/stack-service/stack_service/internal/domain/services/wallet/service.go:264.2,264.37 1 0
github.com/stack-service/stack_service/internal/domain/services/wallet/service.go:264.37,273.33 3 0
github.com/stack-service/stack_service/internal/domain/services/wallet/service.go:273.33,274.93 1 0
github.com/stack-service/stack_service/internal/domain/services/wallet/service.go:274.93,278.5 1 0
github.com/stack-service/stack_service/internal/domain/services/wallet/service.go:278.10,281.5 1 0
github.com/stack-service/stack_service/internal/domain/services/wallet/service.go:284.8,284.29 1 0
github.com/stack-service/stack_service/internal/domain/services/wallet/service.go:284.29,288.3 1 0
github.com/stack-service/stack_service/internal/domain/services/wallet/service.go:288.8,291.3 1 0
github.com/stack-service/stack_service/internal/domain/services/wallet/service.go:293.2,293.63 1 0
github.com/stack-service/stack_service/internal/domain/services/wallet/service.go:293.63,295.3 1 0
github.com/stack-service/stack_service/internal/domain/services/wallet/service.go:298.2,304.18 1 0
github.com/stack-service/stack_service/internal/domain/services/wallet/service.go:304.18,306.3 1 0
github.com/stack-service/stack_service/internal/domain/services/wallet/service.go:308.2,308.16 1 0
github.com/stack-service/stack_service/internal/domain/services/wallet/service.go:312.149,320.18 4 1
github.com/stack-service/stack_service/internal/domain/services/wallet/service.go:320.18,323.17 2 0
github.com/stack-service/stack_service/internal/domain/services/wallet/service.go:323.17,325.4 1 0
github.com/stack-service/stack_service/internal/domain/services/wallet/service.go:326.3,326.20 1 0
github.com/stack-service/stack_service/internal/domain/services/wallet/service.go:326.20,328.4 1 0
github.com/stack-service/stack_service/internal/domain/services/wallet/service.go:329.8,332.17 2 1
github.com/stack-service/stack_service/internal/domain/services/wallet/service.go:332.17,334.4 1 0
github.com/stack-service/stack_service/internal/domain/services/wallet/service.go:338.2,339.33 2 1
github.com/stack-service/stack_service/internal/domain/services/wallet/service.go:339.33,340.23 1 0
github.com/stack-service/stack_service/internal/domain/services/wallet/service.go:340.23,346.4 1 0
github.com/stack-service/stack_service/internal/domain/services/wallet/service.go:349.2,351.8 1 1
github.com/stack-service/stack_service/internal/domain/services/wallet/service.go:355.114,360.16 3 1
github.com/stack-service/stack_service/internal/domain/services/wallet/service.go:360.16,362.3 1 0
github.com/stack-service/stack_service/internal/domain/services/wallet/service.go:365.2,366.16 2 1
github.com/stack-service/stack_service/internal/domain/services/wallet/service.go:366.16,369.3 1 0
github.com/stack-service/stack_service/internal/domain/services/wallet/service.go:372.2,375.33 3 1
github.com/stack-service/stack_service/internal/domain/services/wallet/service.go:375.33,376.24 1 0
github.com/stack-service/stack_service/internal/domain/services/wallet/service.go:377.34,378.16 1 0
github.com/stack-service/stack_service/internal/domain/services/wallet/service.go:379.38,380.18 1 0
github.com/stack-service/stack_service/internal/domain/services/wallet/service.go:381.36,382.17 1 0
github.com/stack-service/stack_service/internal/domain/services/wallet/service.go:386.3,392.23 2 0
github.com/stack-service/stack_service/internal/domain/services/wallet/service.go:392.23,394.4 1 0
github.com/stack-service/stack_service/internal/domain/services/wallet/service.go:396.3,396.53 1 0
github.com/stack-service/stack_service/internal/domain/services/wallet/service.go:400.2,410.28 2 1
github.com/stack-service/stack_service/internal/domain/services/wallet/service.go:410.28,412.38 2 0
github.com/stack-service/stack_service/internal/domain/services/wallet/service.go:412.38,415.4 2 0
github.com/stack-service/stack_service/internal/domain/services/wallet/service.go:417.3,426.4 1 0
github.com/stack-service/stack_service/internal/domain/services/wallet/service.go:429.2,429.22 1 1
github.com/stack-service/stack_service/internal/domain/services/wallet/service.go:433.87,437.16 3 0
github.com/stack-service/stack_service/internal/domain/services/wallet/service.go:437.16,439.3 1 0
github.com/stack-service/stack_service/internal/domain/services/wallet/service.go:441.2,443.27 2 0
github.com/stack-service/stack_service/internal/domain/services/wallet/service.go:443.27,444.41 1 0
github.com/stack-service/stack_service/internal/domain/services/wallet/service.go:444.41,449.70 2 0
github.com/stack-service/stack_service/internal/domain/services/wallet/service.go:449.70,453.5 1 0
github.com/stack-service/stack_service/internal/domain/services/wallet/service.go:457.2,457.12 1 0
github.com/stack-service/stack_service/internal/domain/services/wallet/service.go:462.85,464.39 1 0
github.com/stack-service/stack_service/internal/domain/services/wallet/service.go:464.39,465.129 1 0
github.com/stack-service/stack_service/internal/domain/services/wallet/service.go:465.129,470.4 2 0
github.com/stack-service/stack_service/internal/domain/services/wallet/service.go:472.3,476.37 3 0
github.com/stack-service/stack_service/internal/domain/services/wallet/service.go:476.37,486.77 2 0
github.com/stack-service/stack_service/internal/domain/services/wallet/service.go:486.77,492.43 3 0
github.com/stack-service/stack_service/internal/domain/services/wallet/service.go:492.43,494.6 1 0
github.com/stack-service/stack_service/internal/domain/services/wallet/service.go:496.5,496.85 1 0
github.com/stack-service/stack_service/internal/domain/services/wallet/service.go:499.4,499.25 1 0
github.com/stack-service/stack_service/internal/domain/services/wallet/service.go:502.3,502.17 1 0
github.com/stack-service/stack_service/internal/domain/services/wallet/service.go:502.17,506.4 1 0
github.com/stack-service/stack_service/internal/domain/services/wallet/service.go:510.2,511.36 2 0
github.com/stack-service/stack_service/internal/domain/services/wallet/service.go:511.36,516.3 2 0
github.com/stack-service/stack_service/internal/domain/services/wallet/service.go:518.2,523.16 4 0
github.com/stack-service/stack_service/internal/domain/services/wallet/service.go:523.16,525.3 1 0
github.com/stack-service/stack_service/internal/domain/services/wallet/service.go:528.2,529.16 2 0
github.com/stack-service/stack_service/internal/domain/services/wallet/service.go:529.16,531.3 1 0
github.com/stack-service/stack_service/internal/domain/services/wallet/service.go:534.2,544.63 2 0
github.com/stack-service/stack_service/internal/domain/services/wallet/service.go:544.63,546.3 1 0
github.com/stack-service/stack_service/internal/domain/services/wallet/service.go:548.2,552.23 2 0
github.com/stack-service/stack_service/internal/domain/services/wallet/service.go:556.76,564.41 3 0
github.com/stack-service/stack_service/internal/domain/services/wallet/service.go:564.41,570.3 2 0
github.com/stack-service/stack_service/internal/domain/services/wallet/service.go:573.2,574.37 2 0
github.com/stack-service/stack_service/internal/domain/services/wallet/service.go:574.37,578.3 1 0
github.com/stack-service/stack_service/internal/domain/services/wallet/service.go:582.2,595.16 4 0
github.com/stack-service/stack_service/internal/domain/services/wallet/service.go:595.16,599.3 2 0
github.com/stack-service/stack_service/internal/domain/services/wallet/service.go:602.2,608.37 3 0
github.com/stack-service/stack_service/internal/domain/services/wallet/service.go:608.37,611.3 1 0
github.com/stack-service/stack_service/internal/domain/services/wallet/service.go:611.8,611.49 1 0
github.com/stack-service/stack_service/internal/domain/services/wallet/service.go:611.49,613.52 1 0
github.com/stack-service/stack_service/internal/domain/services/wallet/service.go:613.52,614.40 1 0
github.com/stack-service/stack_service/internal/domain/services/wallet/service.go:614.40,616.10 2 0
github.com/stack-service/stack_service/internal/domain/services/wallet/service.go:621.2,621.19 1 0
github.com/stack-service/stack_service/internal/domain/services/wallet/service.go:621.19,623.3 1 0
github.com/stack-service/stack_service/internal/domain/services/wallet/service.go:626.2,639.42 2 0
github.com/stack-service/stack_service/internal/domain/services/wallet/service.go:639.42,641.3 1 0
github.com/stack-service/stack_service/internal/domain/services/wallet/service.go:643.2,643.57 1 0
github.com/stack-service/stack_service/internal/domain/services/wallet/service.go:643.57,645.3 1 0
github.com/stack-service/stack_service/internal/domain/services/wallet/service.go:648.2,648.118 1 0
github.com/stack-service/stack_service/internal/domain/services/wallet/service.go:648.118,650.3 1 0
github.com/stack-service/stack_service/internal/domain/services/wallet/service.go:652.2,658.12 2 0
github.com/stack-service/stack_service/internal/domain/services/wallet/service.go:662.58,666.56 2 1
github.com/stack-service/stack_service/internal/domain/services/wallet/service.go:666.56,668.3 1 0
github.com/stack-service/stack_service/internal/domain/services/wallet/service.go:671.2,672.16 2 1
github.com/stack-service/stack_service/internal/domain/services/wallet/service.go:672.16,675.3 1 0
github.com/stack-service/stack_service/internal/domain/services/wallet/service.go:677.2,678.12 2 1
github.com/stack-service/stack_service/internal/domain/services/wallet/service.go:682.126,687.16 3 0
github.com/stack-service/stack_service/internal/domain/services/wallet/service.go:687.16,692.3 2 0
github.com/stack-service/stack_service/internal/domain/services/wallet/service.go:694.2,694.17 1 0
github.com/stack-service/stack_service/internal/domain/services/wallet/service.go:698.143,704.16 3 0
github.com/stack-service/stack_service/internal/domain/services/wallet/service.go:704.16,710.3 2 0
github.com/stack-service/stack_service/internal/domain/services/wallet/service.go:712.2,712.20 1 0
github.com/stack-service/stack_service/internal/domain/services/wallet/service.go:716.55,724.2 4 0
github.com/stack-service/stack_service/internal/domain/services/wallet/service.go:727.60,729.2 1 0
